................................F..F.F.FF..F.FF....................FFFFF [ 24%]
FFEEEEEE........................FFFFF...............FF..........F.EEEEEE [ 48%]
EEEEEEFFFF..FF..........F........FFFF..............................FFFFF [ 73%]
...F......FFF.F......F......F........FF..........FFFFFFFFF.FFFF......... [ 97%]
.......                                                                  [100%]
==================================== ERRORS ====================================
______ ERROR at setup of TestSanctuaryNetworkE2E.test_full_sanctuary_flow ______
E   sqlite3.OperationalError: no such column: purge_at
_ ERROR at setup of TestSanctuaryNetworkE2E.test_high_sensitivity_requires_high_trust _
E   sqlite3.OperationalError: no such column: purge_at
__ ERROR at setup of TestSanctuaryNetworkE2E.test_steward_cannot_verify_twice __
E   sqlite3.OperationalError: no such column: purge_at
_ ERROR at setup of TestSanctuaryNetworkE2E.test_verification_expires_after_90_days _
E   sqlite3.OperationalError: no such column: purge_at
_ ERROR at setup of TestSanctuaryNetworkE2E.test_high_trust_resources_for_critical_needs _
E   sqlite3.OperationalError: no such column: purge_at
_ ERROR at setup of TestSanctuaryNetworkE2E.test_needs_second_verification_flag _
E   sqlite3.OperationalError: no such column: purge_at
______ ERROR at setup of TestVolunteerManagement.test_register_volunteer _______
E   TypeError: expected str, bytes or os.PathLike object, not Connection
___ ERROR at setup of TestVolunteerManagement.test_find_available_volunteer ____
E   TypeError: expected str, bytes or os.PathLike object, not Connection
_______ ERROR at setup of TestOutreachAssignment.test_flag_for_outreach ________
E   TypeError: expected str, bytes or os.PathLike object, not Connection
_______ ERROR at setup of TestOutreachAssignment.test_add_outreach_note ________
E   TypeError: expected str, bytes or os.PathLike object, not Connection
_________ ERROR at setup of TestOutreachAssignment.test_mark_converted _________
E   TypeError: expected str, bytes or os.PathLike object, not Connection
________ ERROR at setup of TestNeedsAssessment.test_assess_and_provide _________
E   TypeError: expected str, bytes or os.PathLike object, not Connection
_____ ERROR at setup of TestAccessLevels.test_access_level_receiving_care ______
E   TypeError: expected str, bytes or os.PathLike object, not Connection
_ ERROR at setup of TestAccessLevels.test_access_permissions_minimal_but_human _
E   TypeError: expected str, bytes or os.PathLike object, not Connection
_ ERROR at setup of TestSuspectedInfiltrator.test_handle_suspected_infiltrator _
E   TypeError: expected str, bytes or os.PathLike object, not Connection
___________ ERROR at setup of TestConversionMetrics.test_get_metrics ___________
E   TypeError: expected str, bytes or os.PathLike object, not Connection
_ ERROR at setup of TestConversionExperiences.test_suggest_experience_for_new_outreach _
E   TypeError: expected str, bytes or os.PathLike object, not Connection
_____ ERROR at setup of TestConversionExperiences.test_get_all_experiences _____
E   TypeError: expected str, bytes or os.PathLike object, not Connection
=================================== FAILURES ===================================
E   assert False is True
/Users/annhoward/src/solarpunk_utopia/tests/e2e/test_cross_community_discovery_e2e.py:399: assert False is True
E   assert False is True
/Users/annhoward/src/solarpunk_utopia/tests/e2e/test_cross_community_discovery_e2e.py:517: assert False is True
E   assert False is True
/Users/annhoward/src/solarpunk_utopia/tests/e2e/test_cross_community_discovery_e2e.py:608: assert False is True
E   assert 2 == 1
/Users/annhoward/src/solarpunk_utopia/tests/e2e/test_dtn_mesh_sync_e2e.py:444: assert 2 == 1
E   AssertionError: assert 'perishable' == 'emergency'
      
      - emergency
      + perishable
/Users/annhoward/src/solarpunk_utopia/tests/e2e/test_dtn_mesh_sync_e2e.py:521: AssertionError: assert 'perishable' == 'emergency'
E   AttributeError: type object 'Audience' has no attribute 'HIGH_TRUST'
/Users/annhoward/src/solarpunk_utopia/tests/e2e/test_dtn_mesh_sync_e2e.py:643: AttributeError: type object 'Audience' has no attribute 'HIGH_TRUST'
E   AssertionError: assert 5 == 4
     +  where 5 = len([{'bundleId': 'b:sha256:7899c9dbe2f7139551d1a2486e3a8b0f620e8f0f090234a0e29ec153d3a6e91e', 'createdAt': '2025-12-23T23...edAt': '2025-12-23T23:37:37.140585+00:00', 'expiresAt': '2025-12-24T23:37:37.140577+00:00', 'priority': 'normal', ...}])
/Users/annhoward/src/solarpunk_utopia/tests/e2e/test_dtn_mesh_sync_e2e.py:779: AssertionError: assert 5 == 4
E   assert 1 == 0
/Users/annhoward/src/solarpunk_utopia/tests/e2e/test_dtn_mesh_sync_e2e.py:813: assert 1 == 0
E   AssertionError: assert FakeDatetime(2025, 1, 8, 0, 0, tzinfo=datetime.timezone.utc) == FakeDatetime(2025, 1, 8, 0, 0)
     +  where FakeDatetime(2025, 1, 8, 0, 0, tzinfo=datetime.timezone.utc) = WarlordAlert(id='bda7beea-295e-436d-b8cc-285706fa84bd', target_user_id='bob', severity=6, abuse_type=<AbuseType.BATTER...sted_source=True, propagation_count=0, cancelled=False, cancelled_by=None, cancellation_reason=None, cancelled_at=None).expires_at
     +  and   FakeDatetime(2025, 1, 8, 0, 0) = datetime(2025, 1, 8, 0, 0, 0)
/Users/annhoward/src/solarpunk_utopia/tests/e2e/test_mycelial_strike_e2e.py:558: AssertionError: assert FakeDatetime(2025, 1, 8, 0, 0, tzinfo=datetime.timezone.utc) == FakeDatetime(2025, 1, 8, 0, 0)
E   sqlite3.OperationalError: attempt to write a readonly database
/Users/annhoward/src/solarpunk_utopia/venv/lib/python3.12/site-packages/aiosqlite/core.py:115: sqlite3.OperationalError: attempt to write a readonly database
E   sqlite3.OperationalError: attempt to write a readonly database
/Users/annhoward/src/solarpunk_utopia/venv/lib/python3.12/site-packages/aiosqlite/core.py:115: sqlite3.OperationalError: attempt to write a readonly database
E   sqlite3.OperationalError: attempt to write a readonly database
/Users/annhoward/src/solarpunk_utopia/venv/lib/python3.12/site-packages/aiosqlite/core.py:115: sqlite3.OperationalError: attempt to write a readonly database
E   sqlite3.OperationalError: attempt to write a readonly database
/Users/annhoward/src/solarpunk_utopia/venv/lib/python3.12/site-packages/aiosqlite/core.py:115: sqlite3.OperationalError: attempt to write a readonly database
E   sqlite3.OperationalError: attempt to write a readonly database
/Users/annhoward/src/solarpunk_utopia/venv/lib/python3.12/site-packages/aiosqlite/core.py:115: sqlite3.OperationalError: attempt to write a readonly database
E   sqlite3.OperationalError: attempt to write a readonly database
/Users/annhoward/src/solarpunk_utopia/venv/lib/python3.12/site-packages/aiosqlite/core.py:115: sqlite3.OperationalError: attempt to write a readonly database
E   httpcore.ConnectError: All connection attempts failed

The above exception was the direct cause of the following exception:
E   httpx.ConnectError: All connection attempts failed
----------------------------- Captured stdout call -----------------------------

=== Step 1: Creating agents ===
/Users/annhoward/src/solarpunk_utopia/venv/lib/python3.12/site-packages/httpx/_transports/default.py:118: httpx.ConnectError: All connection attempts failed
E   assert 500 == 200
     +  where 500 = <Response [500 Internal Server Error]>.status_code
----------------------------- Captured stdout call -----------------------------

=== Testing Bundle Propagation ===
/Users/annhoward/src/solarpunk_utopia/tests/integration/test_end_to_end_gift_economy.py:266: assert 500 == 200
E   assert 500 == 200
     +  where 500 = <Response [500 Internal Server Error]>.status_code
----------------------------- Captured stdout call -----------------------------

=== Testing Agent Approval Gates ===
/Users/annhoward/src/solarpunk_utopia/tests/integration/test_end_to_end_gift_economy.py:309: assert 500 == 200
E   assert 500 == 200
     +  where 500 = <Response [500 Internal Server Error]>.status_code
----------------------------- Captured stdout call -----------------------------

=== Step 1: Creating test file ===
Created test file: 8750 bytes

=== Step 2: Uploading file ===
/Users/annhoward/src/solarpunk_utopia/tests/integration/test_knowledge_distribution.py:66: assert 500 == 200
E   KeyError: 'cache_size_bytes'
----------------------------- Captured stdout call -----------------------------

=== Testing Library Node Caching ===
/Users/annhoward/src/solarpunk_utopia/tests/integration/test_knowledge_distribution.py:190: KeyError: 'cache_size_bytes'
E   AttributeError: 'str' object has no attribute 'value'

During handling of the above exception, another exception occurred:
E   fastapi.exceptions.HTTPException: 400: 'str' object has no attribute 'value'
/Users/annhoward/src/solarpunk_utopia/valueflows_node/app/api/vf/matches.py:176: fastapi.exceptions.HTTPException: 400: 'str' object has no attribute 'value'
E   AttributeError: 'str' object has no attribute 'value'

During handling of the above exception, another exception occurred:
E   fastapi.exceptions.HTTPException: 400: 'str' object has no attribute 'value'
/Users/annhoward/src/solarpunk_utopia/valueflows_node/app/api/vf/matches.py:210: fastapi.exceptions.HTTPException: 400: 'str' object has no attribute 'value'
E   AssertionError: Should NOT use request.user_id
    assert 'request.user_id' not in '@router.pos...il=str(e))\n'
      
      'request.user_id' is contained here:
        nstead of request.user_id
            """
            try:
                proposal = await approval_tracker.approve_proposal(
                    proposal_id=proposal_id,...
      
      ...Full output truncated (9 lines hidden), use '-vv' to show
/Users/annhoward/src/solarpunk_utopia/tests/test_api_endpoint_fixes.py:235: AssertionError: Should NOT use request.user_id
E   AttributeError: type object 'Audience' has no attribute 'CELL'
/Users/annhoward/src/solarpunk_utopia/app/services/economic_withdrawal_service.py:147: AttributeError: type object 'Audience' has no attribute 'CELL'
E   AttributeError: type object 'Audience' has no attribute 'CELL'
/Users/annhoward/src/solarpunk_utopia/app/services/economic_withdrawal_service.py:147: AttributeError: type object 'Audience' has no attribute 'CELL'
E   AttributeError: type object 'Audience' has no attribute 'CELL'
/Users/annhoward/src/solarpunk_utopia/app/services/economic_withdrawal_service.py:147: AttributeError: type object 'Audience' has no attribute 'CELL'
E   AttributeError: type object 'Audience' has no attribute 'CELL'
/Users/annhoward/src/solarpunk_utopia/app/services/economic_withdrawal_service.py:147: AttributeError: type object 'Audience' has no attribute 'CELL'
E   AttributeError: type object 'Audience' has no attribute 'CELL'
/Users/annhoward/src/solarpunk_utopia/app/services/economic_withdrawal_service.py:552: AttributeError: type object 'Audience' has no attribute 'CELL'
E   AttributeError: type object 'Audience' has no attribute 'CELL'
/Users/annhoward/src/solarpunk_utopia/app/services/economic_withdrawal_service.py:552: AttributeError: type object 'Audience' has no attribute 'CELL'
E   sqlite3.OperationalError: unable to open database file
/Users/annhoward/src/solarpunk_utopia/app/services/fork_rights_service.py:170: sqlite3.OperationalError: unable to open database file
E   pydantic_core._pydantic_core.ValidationError: 1 validation error for SanctuaryVerification
    resource_id
      Field required [type=missing, input_value={'space_id': 'space_001',...s_buddy_protocol': True}, input_type=dict]
        For further information visit https://errors.pydantic.dev/2.10/v/missing
/Users/annhoward/src/solarpunk_utopia/tests/test_fraud_abuse_protections.py:187: pydantic_core._pydantic_core.ValidationError: 1 validation error for SanctuaryVerification
E   pydantic_core._pydantic_core.ValidationError: 1 validation error for SanctuaryVerification
    resource_id
      Field required [type=missing, input_value={'space_id': 'space_001',...=datetime.timezone.utc)}, input_type=dict]
        For further information visit https://errors.pydantic.dev/2.10/v/missing
/Users/annhoward/src/solarpunk_utopia/tests/test_fraud_abuse_protections.py:200: pydantic_core._pydantic_core.ValidationError: 1 validation error for SanctuaryVerification
E   pydantic_core._pydantic_core.ValidationError: 1 validation error for SanctuaryVerification
    resource_id
      Field required [type=missing, input_value={'space_id': 'space_001',...s_buddy_protocol': True}, input_type=dict]
        For further information visit https://errors.pydantic.dev/2.10/v/missing
/Users/annhoward/src/solarpunk_utopia/tests/test_fraud_abuse_protections.py:214: pydantic_core._pydantic_core.ValidationError: 1 validation error for SanctuaryVerification
E   pydantic_core._pydantic_core.ValidationError: 1 validation error for SanctuaryVerification
    resource_id
      Field required [type=missing, input_value={'space_id': 'space_001',...e, 'successful_uses': 2}, input_type=dict]
        For further information visit https://errors.pydantic.dev/2.10/v/missing
/Users/annhoward/src/solarpunk_utopia/tests/test_fraud_abuse_protections.py:227: pydantic_core._pydantic_core.ValidationError: 1 validation error for SanctuaryVerification
E   TypeError: cannot set 'now' attribute of immutable type 'datetime.datetime'

During handling of the above exception, another exception occurred:
E   TypeError: cannot set 'now' attribute of immutable type 'datetime.datetime'
/opt/homebrew/Cellar/python@3.12/3.12.12/Frameworks/Python.framework/Versions/3.12/lib/python3.12/unittest/mock.py:1603: TypeError: cannot set 'now' attribute of immutable type 'datetime.datetime'
E   TypeError: cannot set 'now' attribute of immutable type 'datetime.datetime'

During handling of the above exception, another exception occurred:
E   TypeError: cannot set 'now' attribute of immutable type 'datetime.datetime'
/opt/homebrew/Cellar/python@3.12/3.12.12/Frameworks/Python.framework/Versions/3.12/lib/python3.12/unittest/mock.py:1603: TypeError: cannot set 'now' attribute of immutable type 'datetime.datetime'
E   TypeError: cannot set 'now' attribute of immutable type 'datetime.datetime'

During handling of the above exception, another exception occurred:
E   TypeError: cannot set 'now' attribute of immutable type 'datetime.datetime'
/opt/homebrew/Cellar/python@3.12/3.12.12/Frameworks/Python.framework/Versions/3.12/lib/python3.12/unittest/mock.py:1603: TypeError: cannot set 'now' attribute of immutable type 'datetime.datetime'
E   TypeError: cannot set 'now' attribute of immutable type 'datetime.datetime'

During handling of the above exception, another exception occurred:
E   TypeError: cannot set 'now' attribute of immutable type 'datetime.datetime'
/opt/homebrew/Cellar/python@3.12/3.12.12/Frameworks/Python.framework/Versions/3.12/lib/python3.12/unittest/mock.py:1603: TypeError: cannot set 'now' attribute of immutable type 'datetime.datetime'
E   TypeError: cannot set 'now' attribute of immutable type 'datetime.datetime'

During handling of the above exception, another exception occurred:
E   TypeError: cannot set 'now' attribute of immutable type 'datetime.datetime'
/opt/homebrew/Cellar/python@3.12/3.12.12/Frameworks/Python.framework/Versions/3.12/lib/python3.12/unittest/mock.py:1603: TypeError: cannot set 'now' attribute of immutable type 'datetime.datetime'
E   AssertionError: assert 1.0 == 0.0
     +  where 1.0 = get_trust('bob')
     +    where get_trust = <tests.harness.trust_fixtures.TrustGraphFixture object at 0x107696750>.get_trust
/Users/annhoward/src/solarpunk_utopia/tests/test_harness.py:313: AssertionError: assert 1.0 == 0.0
E   AssertionError: assert 'pending' == 'verified'
      
      - verified
      + pending
/Users/annhoward/src/solarpunk_utopia/tests/test_network_import_offline.py:158: AssertionError: assert 'pending' == 'verified'
E   AssertionError: assert 'pending' == 'verified'
      
      - verified
      + pending
/Users/annhoward/src/solarpunk_utopia/tests/test_network_import_offline.py:198: AssertionError: assert 'pending' == 'verified'
E   AssertionError: assert 'pending' == 'verified'
      
      - verified
      + pending
/Users/annhoward/src/solarpunk_utopia/tests/test_network_import_offline.py:238: AssertionError: assert 'pending' == 'verified'
E   AssertionError: assert 'suspended' == 'warning'
      
      - warning
      + suspended
/Users/annhoward/src/solarpunk_utopia/tests/test_network_import_offline.py:303: AssertionError: assert 'suspended' == 'warning'
E   AssertionError: assert 0 > 0
     +  where 0 = len([])
     +    where [] = WipeLog(id='wipe-log-721594fe-86bd-43e4-9f34-d4c32d062829', user_id='test-user-102', trigger='quick_wipe', wiped_at=da....datetime(2025, 12, 23, 23, 37, 41, 835164, tzinfo=datetime.timezone.utc), data_types_wiped=[], recovery_possible=True).data_types_wiped
----------------------------- Captured stdout call -----------------------------
Error wiping private keys: no such table: user_keys
/Users/annhoward/src/solarpunk_utopia/tests/test_panic_features.py:122: AssertionError: assert 0 > 0
E   AttributeError: 'PanicService' object has no attribute 'encrypt_seed_phrase'. Did you mean: 'generate_seed_phrase'?
/Users/annhoward/src/solarpunk_utopia/tests/test_panic_features.py:244: AttributeError: 'PanicService' object has no attribute 'encrypt_seed_phrase'. Did you mean: 'generate_seed_phrase'?
E   NameError: name 'timedelta' is not defined
/Users/annhoward/src/solarpunk_utopia/app/database/sanctuary_repository.py:800: NameError: name 'timedelta' is not defined
E   NameError: name 'timedelta' is not defined
/Users/annhoward/src/solarpunk_utopia/app/database/sanctuary_repository.py:800: NameError: name 'timedelta' is not defined
E   sqlite3.OperationalError: attempt to write a readonly database
/Users/annhoward/src/solarpunk_utopia/venv/lib/python3.12/site-packages/aiosqlite/core.py:115: sqlite3.OperationalError: attempt to write a readonly database
E   sqlite3.OperationalError: attempt to write a readonly database
/Users/annhoward/src/solarpunk_utopia/venv/lib/python3.12/site-packages/aiosqlite/core.py:115: sqlite3.OperationalError: attempt to write a readonly database
E   sqlite3.OperationalError: attempt to write a readonly database
/Users/annhoward/src/solarpunk_utopia/venv/lib/python3.12/site-packages/aiosqlite/core.py:115: sqlite3.OperationalError: attempt to write a readonly database
E   sqlite3.OperationalError: attempt to write a readonly database
/Users/annhoward/src/solarpunk_utopia/venv/lib/python3.12/site-packages/aiosqlite/core.py:115: sqlite3.OperationalError: attempt to write a readonly database
E   sqlite3.OperationalError: attempt to write a readonly database
/Users/annhoward/src/solarpunk_utopia/venv/lib/python3.12/site-packages/aiosqlite/core.py:115: sqlite3.OperationalError: attempt to write a readonly database
E   sqlite3.OperationalError: attempt to write a readonly database
/Users/annhoward/src/solarpunk_utopia/venv/lib/python3.12/site-packages/aiosqlite/core.py:115: sqlite3.OperationalError: attempt to write a readonly database
E   sqlite3.OperationalError: attempt to write a readonly database
/Users/annhoward/src/solarpunk_utopia/venv/lib/python3.12/site-packages/aiosqlite/core.py:115: sqlite3.OperationalError: attempt to write a readonly database
E   sqlite3.OperationalError: attempt to write a readonly database
/Users/annhoward/src/solarpunk_utopia/venv/lib/python3.12/site-packages/aiosqlite/core.py:115: sqlite3.OperationalError: attempt to write a readonly database
E   sqlite3.OperationalError: attempt to write a readonly database
/Users/annhoward/src/solarpunk_utopia/venv/lib/python3.12/site-packages/aiosqlite/core.py:115: sqlite3.OperationalError: attempt to write a readonly database
E   sqlite3.OperationalError: attempt to write a readonly database
/Users/annhoward/src/solarpunk_utopia/venv/lib/python3.12/site-packages/aiosqlite/core.py:115: sqlite3.OperationalError: attempt to write a readonly database
E   sqlite3.OperationalError: attempt to write a readonly database
/Users/annhoward/src/solarpunk_utopia/venv/lib/python3.12/site-packages/aiosqlite/core.py:115: sqlite3.OperationalError: attempt to write a readonly database
E   sqlite3.OperationalError: attempt to write a readonly database
/Users/annhoward/src/solarpunk_utopia/venv/lib/python3.12/site-packages/aiosqlite/core.py:115: sqlite3.OperationalError: attempt to write a readonly database
E   sqlite3.OperationalError: attempt to write a readonly database
/Users/annhoward/src/solarpunk_utopia/venv/lib/python3.12/site-packages/aiosqlite/core.py:115: sqlite3.OperationalError: attempt to write a readonly database
=============================== warnings summary ===============================
venv/lib/python3.12/site-packages/pydantic/_internal/_config.py:295: 39 warnings
tests/test_api_endpoint_fixes.py: 12 warnings
  /Users/annhoward/src/solarpunk_utopia/venv/lib/python3.12/site-packages/pydantic/_internal/_config.py:295: PydanticDeprecatedSince20: Support for class-based `config` is deprecated, use ConfigDict instead. Deprecated in Pydantic V2.0 to be removed in V3.0. See Pydantic V2 Migration Guide at https://errors.pydantic.dev/2.10/migration/
    warnings.warn(DEPRECATION_MESSAGE, DeprecationWarning)

tests/e2e/test_rapid_response_e2e.py: 6 warnings
tests/test_sanctuary_multi_steward_verification.py: 73 warnings
  /Users/annhoward/src/solarpunk_utopia/venv/lib/python3.12/site-packages/pydantic/main.py:214: DeprecationWarning: datetime.datetime.utcnow() is deprecated and scheduled for removal in a future version. Use timezone-aware objects to represent datetimes in UTC: datetime.datetime.now(datetime.UTC).
    validated_self = self.__pydantic_validator__.validate_python(data, self_instance=self)

tests/test_api_endpoint_fixes.py::TestProposalRejection::test_reject_proposal_has_auth_dependency
tests/test_api_endpoint_fixes.py::TestProposalRejection::test_reject_proposal_has_auth_dependency
tests/test_api_endpoint_fixes.py::test_commitments_router_registered
tests/test_api_endpoint_fixes.py::test_commitments_router_registered
  /Users/annhoward/src/solarpunk_utopia/venv/lib/python3.12/site-packages/pydantic/_internal/_generate_schema.py:297: PydanticDeprecatedSince20: `json_encoders` is deprecated. See https://docs.pydantic.dev/2.10/concepts/serialization/#custom-serializers for alternatives. Deprecated in Pydantic V2.0 to be removed in V3.0. See Pydantic V2 Migration Guide at https://errors.pydantic.dev/2.10/migration/
    warnings.warn(

tests/test_governance_silence_weight.py::TestPrivacyGuarantees::test_silent_voters_computed_not_stored
  tests/test_governance_silence_weight.py:415: PytestWarning: The test <Function test_silent_voters_computed_not_stored> is marked with '@pytest.mark.asyncio' but it is not an async function. Please remove the asyncio mark. If the test is not marked explicitly, check for global marks applied via 'pytestmark'.
    def test_silent_voters_computed_not_stored(self):

-- Docs: https://docs.pytest.org/en/stable/how-to/capture-warnings.html
=========================== short test summary info ============================
FAILED tests/e2e/test_cross_community_discovery_e2e.py::TestCrossCommunityDiscoveryE2E::test_blocking_overrides_visibility
FAILED tests/e2e/test_cross_community_discovery_e2e.py::TestCrossCommunityDiscoveryE2E::test_public_vs_regional_audience
FAILED tests/e2e/test_cross_community_discovery_e2e.py::TestCrossCommunityDiscoveryE2E::test_visibility_respects_individual_choice
FAILED tests/e2e/test_dtn_mesh_sync_e2e.py::TestDTNMeshSyncE2E::test_partial_overlap_sync
FAILED tests/e2e/test_dtn_mesh_sync_e2e.py::TestDTNMeshSyncE2E::test_emergency_priority_first
FAILED tests/e2e/test_dtn_mesh_sync_e2e.py::TestDTNMeshSyncE2E::test_audience_enforcement_high_trust
FAILED tests/e2e/test_dtn_mesh_sync_e2e.py::TestDTNMeshSyncE2E::test_bidirectional_sync
FAILED tests/e2e/test_dtn_mesh_sync_e2e.py::TestDTNMeshSyncE2E::test_no_duplicate_transfers
FAILED tests/e2e/test_mycelial_strike_e2e.py::TestMycelialStrikeE2E::test_time_based_alert_expiration
FAILED tests/e2e/test_rapid_response_e2e.py::TestRapidResponseE2E::test_full_rapid_response_flow
FAILED tests/e2e/test_rapid_response_e2e.py::TestRapidResponseE2E::test_critical_alert_requires_high_trust
FAILED tests/e2e/test_rapid_response_e2e.py::TestRapidResponseE2E::test_critical_alert_auto_downgrade_if_unconfirmed
FAILED tests/e2e/test_rapid_response_e2e.py::TestRapidResponseE2E::test_alert_propagation_priority
FAILED tests/e2e/test_rapid_response_e2e.py::TestRapidResponseE2E::test_alert_purge_after_24_hours
FAILED tests/e2e/test_rapid_response_e2e.py::TestRapidResponseE2E::test_responder_coordination_flow
FAILED tests/integration/test_end_to_end_gift_economy.py::TestGiftEconomyFlow::test_complete_offer_need_exchange_flow
FAILED tests/integration/test_end_to_end_gift_economy.py::TestGiftEconomyFlow::test_bundle_propagation_across_services
FAILED tests/integration/test_end_to_end_gift_economy.py::TestGiftEconomyFlow::test_agent_proposals_require_approval
FAILED tests/integration/test_knowledge_distribution.py::TestKnowledgeDistribution::test_complete_file_distribution_flow
FAILED tests/integration/test_knowledge_distribution.py::TestKnowledgeDistribution::test_library_node_caching
FAILED tests/test_api_endpoint_fixes.py::TestMatchAcceptReject::test_accept_match_updates_status
FAILED tests/test_api_endpoint_fixes.py::TestMatchAcceptReject::test_reject_match_updates_status
FAILED tests/test_api_endpoint_fixes.py::TestProposalRejection::test_reject_proposal_uses_current_user_id
FAILED tests/test_economic_withdrawal.py::test_create_campaign - AttributeErr...
FAILED tests/test_economic_withdrawal.py::test_pledge_to_campaign - Attribute...
FAILED tests/test_economic_withdrawal.py::test_campaign_activation - Attribut...
FAILED tests/test_economic_withdrawal.py::test_mark_avoided_target - Attribut...
FAILED tests/test_economic_withdrawal.py::test_bulk_buy_creation - AttributeE...
FAILED tests/test_economic_withdrawal.py::test_bulk_buy_commitment - Attribut...
FAILED tests/test_fork_rights.py::test_local_first_export - sqlite3.Operation...
FAILED tests/test_fraud_abuse_protections.py::TestSanctuaryVerification::test_verification_requires_min_stewards
FAILED tests/test_fraud_abuse_protections.py::TestSanctuaryVerification::test_verification_valid_with_min_stewards
FAILED tests/test_fraud_abuse_protections.py::TestSanctuaryVerification::test_verification_expires_after_90_days
FAILED tests/test_fraud_abuse_protections.py::TestSanctuaryVerification::test_high_trust_requires_successful_uses
FAILED tests/test_harness.py::TestTimeControl::test_freeze_time - TypeError: ...
FAILED tests/test_harness.py::TestTimeControl::test_advance_time - TypeError:...
FAILED tests/test_harness.py::TestTimeControl::test_advance_with_units - Type...
FAILED tests/test_harness.py::TestTimeControl::test_freeze_time_context_manager
FAILED tests/test_harness.py::TestTimeControl::test_advance_time_context_manager
FAILED tests/test_harness.py::TestTrustGraphFixtures::test_revoke_vouch - Ass...
FAILED tests/test_network_import_offline.py::test_in_person_attestation_claim_offline
FAILED tests/test_network_import_offline.py::test_challenge_response_verification_offline
FAILED tests/test_network_import_offline.py::test_mesh_vouch_verification_offline
FAILED tests/test_network_import_offline.py::test_steward_accountability_offline
FAILED tests/test_panic_features.py::test_quick_wipe_destroys_data - Assertio...
FAILED tests/test_panic_features.py::test_seed_phrase_encryption_decryption
FAILED tests/test_sanctuary_multi_steward_verification.py::TestResourcesNeedingVerification::test_pending_verification_list
FAILED tests/test_sanctuary_multi_steward_verification.py::TestResourcesNeedingVerification::test_pending_excludes_steward_who_verified
FAILED tests/unit/test_bundle_service.py::TestBundleCreation::test_create_simple_bundle
FAILED tests/unit/test_bundle_service.py::TestBundleCreation::test_create_bundle_with_ttl_hours
FAILED tests/unit/test_bundle_service.py::TestBundleCreation::test_create_bundle_auto_ttl
FAILED tests/unit/test_bundle_service.py::TestBundleCreation::test_create_bundle_with_tags
FAILED tests/unit/test_bundle_service.py::TestBundleCreation::test_bundle_id_is_content_addressed
FAILED tests/unit/test_bundle_service.py::TestBundleValidation::test_validate_valid_bundle
FAILED tests/unit/test_bundle_service.py::TestBundleValidation::test_reject_tampered_payload
FAILED tests/unit/test_bundle_service.py::TestBundleValidation::test_reject_expired_bundle
FAILED tests/unit/test_bundle_service.py::TestBundleValidation::test_reject_invalid_signature
FAILED tests/unit/test_bundle_service.py::TestBundleReceiving::test_receive_valid_bundle
FAILED tests/unit/test_bundle_service.py::TestBundleReceiving::test_reject_duplicate_bundle
FAILED tests/unit/test_bundle_service.py::TestBundleReceiving::test_quarantine_invalid_bundle
FAILED tests/unit/test_bundle_service.py::TestBundleProperties::test_bundle_snake_case_aliases
ERROR tests/e2e/test_sanctuary_network_e2e.py::TestSanctuaryNetworkE2E::test_full_sanctuary_flow
ERROR tests/e2e/test_sanctuary_network_e2e.py::TestSanctuaryNetworkE2E::test_high_sensitivity_requires_high_trust
ERROR tests/e2e/test_sanctuary_network_e2e.py::TestSanctuaryNetworkE2E::test_steward_cannot_verify_twice
ERROR tests/e2e/test_sanctuary_network_e2e.py::TestSanctuaryNetworkE2E::test_verification_expires_after_90_days
ERROR tests/e2e/test_sanctuary_network_e2e.py::TestSanctuaryNetworkE2E::test_high_trust_resources_for_critical_needs
ERROR tests/e2e/test_sanctuary_network_e2e.py::TestSanctuaryNetworkE2E::test_needs_second_verification_flag
ERROR tests/test_care_outreach.py::TestVolunteerManagement::test_register_volunteer
ERROR tests/test_care_outreach.py::TestVolunteerManagement::test_find_available_volunteer
ERROR tests/test_care_outreach.py::TestOutreachAssignment::test_flag_for_outreach
ERROR tests/test_care_outreach.py::TestOutreachAssignment::test_add_outreach_note
ERROR tests/test_care_outreach.py::TestOutreachAssignment::test_mark_converted
ERROR tests/test_care_outreach.py::TestNeedsAssessment::test_assess_and_provide
ERROR tests/test_care_outreach.py::TestAccessLevels::test_access_level_receiving_care
ERROR tests/test_care_outreach.py::TestAccessLevels::test_access_permissions_minimal_but_human
ERROR tests/test_care_outreach.py::TestSuspectedInfiltrator::test_handle_suspected_infiltrator
ERROR tests/test_care_outreach.py::TestConversionMetrics::test_get_metrics - ...
ERROR tests/test_care_outreach.py::TestConversionExperiences::test_suggest_experience_for_new_outreach
ERROR tests/test_care_outreach.py::TestConversionExperiences::test_get_all_experiences
61 failed, 216 passed, 135 warnings, 18 errors in 6.44s
